<?xml version="1.0" encoding="UTF-8"?>
<!-- Generated by org.testng.reporters.JUnitReportReporter -->
<testsuite hostname="LAPTOP-1FSJSJE8" failures="0" tests="1" name="week1.Lead" time="17.589" errors="0" timestamp="2023-04-09T11:05:54 IST" skipped="0">
  <testcase classname="week1.Lead" name="createLead" time="17.589"/>
  <system-out/>
</testsuite> <!-- week1.Lead -->
