<?xml version="1.0" encoding="UTF-8"?>
<!-- Generated by org.testng.reporters.JUnitReportReporter -->
<testsuite hostname="LAPTOP-1FSJSJE8" failures="0" tests="1" name="week2.VideoContext" time="7.985" errors="0" timestamp="2023-04-16T08:40:09 IST" skipped="0">
  <testcase classname="week2.VideoContext" name="videoContext" time="7.985"/>
  <system-out/>
</testsuite> <!-- week2.VideoContext -->
