<?xml version="1.0" encoding="UTF-8"?>
<!-- Generated by org.testng.reporters.JUnitReportReporter -->
<testsuite hostname="LAPTOP-1FSJSJE8" failures="0" tests="1" name="week2.FullPageScreenShotTest$ScreenShotTest" time="7.668" errors="0" timestamp="2023-04-16T08:27:01 IST" skipped="0">
  <testcase classname="week2.FullPageScreenShotTest$ScreenShotTest" name="Login" time="7.668"/>
  <system-out/>
</testsuite> <!-- week2.FullPageScreenShotTest$ScreenShotTest -->
