<?xml version="1.0" encoding="UTF-8"?>
<!-- Generated by org.testng.reporters.JUnitReportReporter -->
<testsuite hostname="LAPTOP-1FSJSJE8" failures="0" tests="1" name="week1.HomeWork" time="18.412" errors="0" timestamp="2023-04-15T09:31:59 IST" skipped="0">
  <testcase classname="week1.HomeWork" name="testHomeWork" time="18.412"/>
  <system-out/>
</testsuite> <!-- week1.HomeWork -->
