<?xml version="1.0" encoding="UTF-8"?>
<!-- Generated by org.testng.reporters.JUnitReportReporter -->
<testsuite hostname="LAPTOP-1FSJSJE8" failures="0" tests="1" name="week1.Login" time="7.248" errors="0" timestamp="2023-04-09T12:27:53 IST" skipped="0">
  <testcase classname="week1.Login" name="Login" time="7.248"/>
  <system-out/>
</testsuite> <!-- week1.Login -->
