<?xml version="1.0" encoding="UTF-8"?>
<!-- Generated by org.testng.reporters.JUnitReportReporter -->
<testsuite hostname="LAPTOP-1FSJSJE8" failures="0" tests="1" name="week2.AlertsTest" time="11.625" errors="0" timestamp="2023-04-16T09:10:38 IST" skipped="0">
  <testcase classname="week2.AlertsTest" name="alerTest" time="11.625"/>
  <system-out/>
</testsuite> <!-- week2.AlertsTest -->
