<?xml version="1.0" encoding="UTF-8"?>
<!-- Generated by org.testng.reporters.JUnitReportReporter -->
<testsuite hostname="LAPTOP-1FSJSJE8" failures="0" tests="1" name="week2.ScreenShotTest" time="8.388" errors="0" timestamp="2023-04-16T08:24:31 IST" skipped="0">
  <testcase classname="week2.ScreenShotTest" name="Login" time="8.388"/>
  <system-out/>
</testsuite> <!-- week2.ScreenShotTest -->
