<?xml version="1.0" encoding="UTF-8"?>
<!-- Generated by org.testng.reporters.JUnitReportReporter -->
<testsuite hostname="LAPTOP-1FSJSJE8" failures="0" tests="1" name="week2.day2.BrowserContext2apps" time="11.111" errors="0" timestamp="2023-04-16T10:57:06 IST" skipped="0">
  <testcase classname="week2.day2.BrowserContext2apps" name="twoAppsSwitch" time="11.111"/>
  <system-out/>
</testsuite> <!-- week2.day2.BrowserContext2apps -->
