<?xml version="1.0" encoding="UTF-8"?>
<!-- Generated by org.testng.reporters.JUnitReportReporter -->
<testsuite hostname="LAPTOP-1FSJSJE8" failures="0" tests="1" name="week1.AutoLogin" time="14.176" errors="0" timestamp="2023-04-09T12:33:09 IST" skipped="0">
  <testcase classname="week1.AutoLogin" name="run" time="14.176"/>
  <system-out/>
</testsuite> <!-- week1.AutoLogin -->
