<?xml version="1.0" encoding="UTF-8"?>
<!-- Generated by org.testng.reporters.JUnitReportReporter -->
<testsuite hostname="LAPTOP-1FSJSJE8" failures="0" tests="1" name="week2.day2.FramesTest" time="15.413" errors="0" timestamp="2023-04-16T10:32:52 IST" skipped="0">
  <testcase classname="week2.day2.FramesTest" name="frameTest" time="15.413"/>
  <system-out/>
</testsuite> <!-- week2.day2.FramesTest -->
