<?xml version="1.0" encoding="UTF-8"?>
<!-- Generated by org.testng.reporters.JUnitReportReporter -->
<testsuite hostname="LAPTOP-1FSJSJE8" failures="0" tests="1" name="week3.FileUpload" time="5.483" errors="0" timestamp="2023-04-22T11:05:28 IST" skipped="0">
  <testcase classname="week3.FileUpload" name="fileUpload" time="5.483"/>
  <system-out/>
</testsuite> <!-- week3.FileUpload -->
