<?xml version="1.0" encoding="UTF-8"?>
<!-- Generated by org.testng.reporters.JUnitReportReporter -->
<testsuite hostname="LAPTOP-1FSJSJE8" failures="0" tests="1" name="week1.HandlewindowAuth" time="19.236" errors="0" timestamp="2023-04-09T11:51:12 IST" skipped="0">
  <testcase classname="week1.HandlewindowAuth" name="windowAuth" time="19.236"/>
  <system-out/>
</testsuite> <!-- week1.HandlewindowAuth -->
