<?xml version="1.0" encoding="UTF-8"?>
<!-- Generated by org.testng.reporters.JUnitReportReporter -->
<testsuite hostname="LAPTOP-1FSJSJE8" failures="0" tests="1" name="week1.Login" time="13.579" errors="0" timestamp="2023-04-15T08:59:37 IST" skipped="0">
  <testcase classname="week1.Login" name="Login" time="13.579"/>
  <system-out/>
</testsuite> <!-- week1.Login -->
