<?xml version="1.0" encoding="UTF-8"?>
<!-- Generated by org.testng.reporters.JUnitReportReporter -->
<testsuite hostname="LAPTOP-1FSJSJE8" failures="0" tests="1" name="week2.DropDownsTest" time="11.630" errors="0" timestamp="2023-04-16T08:53:19 IST" skipped="0">
  <testcase classname="week2.DropDownsTest" name="dropDowns" time="11.630"/>
  <system-out/>
</testsuite> <!-- week2.DropDownsTest -->
